c:\users\msa\documents\vısual studıo 2015\projects\loadtıffv2\loadtıffv2\x64\debug\vc140.pdb
c:\users\msa\documents\vısual studıo 2015\projects\loadtıffv2\loadtıffv2\x64\debug\vc140.ıdb
x64\debug\kernel.cu.obj
c:\users\msa\documents\vısual studıo 2015\projects\loadtıffv2\x64\debug\loadtıffv2.ılk
c:\users\msa\documents\vısual studıo 2015\projects\loadtıffv2\x64\debug\loadtıffv2.exe
c:\users\msa\documents\vısual studıo 2015\projects\loadtıffv2\x64\debug\loadtıffv2.pdb
c:\users\msa\documents\visual studio 2015\projects\loadtiffv2\loadtiffv2\x64\debug\kernel.cu.cache
c:\users\msa\documents\visual studio 2015\projects\loadtiffv2\loadtiffv2\x64\debug\kernel.cu.obj
c:\users\msa\documents\visual studio 2015\projects\loadtiffv2\loadtiffv2\x64\debug\vc140.idb
c:\users\msa\documents\visual studio 2015\projects\loadtiffv2\loadtiffv2\x64\debug\vc140.pdb
c:\users\msa\documents\visual studio 2015\projects\loadtiffv2\x64\debug\loadtiffv2.pdb
c:\users\msa\documents\visual studio 2015\projects\loadtiffv2\x64\debug\loadtiffv2.exe
c:\users\msa\documents\visual studio 2015\projects\loadtiffv2\x64\debug\loadtiffv2.ilk
c:\users\msa\documents\visual studio 2015\projects\loadtiffv2\loadtiffv2\x64\debug\loadtiffv2.tlog\cl.command.1.tlog
c:\users\msa\documents\visual studio 2015\projects\loadtiffv2\loadtiffv2\x64\debug\loadtiffv2.tlog\cl.read.1.tlog
c:\users\msa\documents\visual studio 2015\projects\loadtiffv2\loadtiffv2\x64\debug\loadtiffv2.tlog\cl.write.1.tlog
c:\users\msa\documents\visual studio 2015\projects\loadtiffv2\loadtiffv2\x64\debug\loadtiffv2.tlog\cudacompile.read.1u.tlog
c:\users\msa\documents\visual studio 2015\projects\loadtiffv2\loadtiffv2\x64\debug\loadtiffv2.tlog\cudacompile.write.1u.tlog
c:\users\msa\documents\visual studio 2015\projects\loadtiffv2\loadtiffv2\x64\debug\loadtiffv2.tlog\link.command.1.tlog
c:\users\msa\documents\visual studio 2015\projects\loadtiffv2\loadtiffv2\x64\debug\loadtiffv2.tlog\link.read.1.tlog
c:\users\msa\documents\visual studio 2015\projects\loadtiffv2\loadtiffv2\x64\debug\loadtiffv2.tlog\link.write.1.tlog
