02:15:39 **** Incremental Build of configuration Debug for project StringPermutation ****
Info: Internal Builder is used for build
g++ -o StringPermutation "src\\StringPermutation.o" 
Info: Nothing to build for StringPermutation
02:16:50 **** Incremental Build of configuration Debug for project StringPermutation ****
Info: Internal Builder is used for build
g++ -O0 -g3 -Wall -c -fmessage-length=0 -o "src\\StringPermutation.o" "..\\src\\StringPermutation.cpp" 
g++ -o StringPermutation "src\\StringPermutation.o" 
02:17:26 **** Incremental Build of configuration Debug for project StringPermutation ****
Info: Internal Builder is used for build
g++ -O0 -g3 -Wall -c -fmessage-length=0 -o "src\\StringPermutation.o" "..\\src\\StringPermutation.cpp" 
g++ -o StringPermutation "src\\StringPermutation.o" 
02:30:36 **** Incremental Build of configuration Debug for project StringPermutation ****
Info: Internal Builder is used for build
g++ -O0 -g3 -Wall -c -fmessage-length=0 -o "src\\StringPermutation.o" "..\\src\\StringPermutation.cpp" 
g++ -o StringPermutation "src\\StringPermutation.o" 
02:30:55 **** Incremental Build of configuration Debug for project StringPermutation ****
Info: Internal Builder is used for build
g++ -O0 -g3 -Wall -c -fmessage-length=0 -o "src\\StringPermutation.o" "..\\src\\StringPermutation.cpp" 
g++ -o StringPermutation "src\\StringPermutation.o" 
